Unable to locate an executable at "/Library/Java/JavaVirtualMachines/openjdk-13.0.2.jdk/Contents/Home/bin/apt" (-1)
Unable to locate an executable at "/Library/Java/JavaVirtualMachines/openjdk-13.0.2.jdk/Contents/Home/bin/apt" (-1)
Collecting awscli
  Downloading https://files.pythonhosted.org/packages/28/22/85d08edc795300aeae3daf36d6ad78e627d13a9685f98d97620d59d46582/awscli-1.17.16-py2.py3-none-any.whl (2.9MB)
Collecting botocore==1.14.16 (from awscli)
  Downloading https://files.pythonhosted.org/packages/5d/f9/c3cd58b9fe971ce4eb264521a04e72b8e4f377042bf10f2d39a862ccead7/botocore-1.14.16-py2.py3-none-any.whl (5.9MB)
Collecting docutils<0.16,>=0.10 (from awscli)
  Using cached https://files.pythonhosted.org/packages/22/cd/a6aa959dca619918ccb55023b4cb151949c64d4d5d55b3f4ffd7eee0c6e8/docutils-0.15.2-py3-none-any.whl
Collecting colorama<0.4.4,>=0.2.5; python_version != "3.4" (from awscli)
  Downloading https://files.pythonhosted.org/packages/c9/dc/45cdef1b4d119eb96316b3117e6d5708a08029992b2fee2c143c7a0a5cc5/colorama-0.4.3-py2.py3-none-any.whl
Collecting s3transfer<0.4.0,>=0.3.0 (from awscli)
  Using cached https://files.pythonhosted.org/packages/69/79/e6afb3d8b0b4e96cefbdc690f741d7dd24547ff1f94240c997a26fa908d3/s3transfer-0.3.3-py2.py3-none-any.whl
Collecting rsa<=3.5.0,>=3.1.2 (from awscli)
  Downloading https://files.pythonhosted.org/packages/e1/ae/baedc9cb175552e95f3395c43055a6a5e125ae4d48a1d7a924baca83e92e/rsa-3.4.2-py2.py3-none-any.whl (46kB)
Collecting PyYAML<5.3,>=3.10 (from awscli)
  Downloading https://files.pythonhosted.org/packages/8d/c9/e5be955a117a1ac548cdd31e37e8fd7b02ce987f9655f5c7563c656d5dcb/PyYAML-5.2.tar.gz (265kB)
Collecting urllib3<1.26,>=1.20; python_version != "3.4" (from botocore==1.14.16->awscli)
  Using cached https://files.pythonhosted.org/packages/e8/74/6e4f91745020f967d09332bb2b8b9b10090957334692eb88ea4afe91b77f/urllib3-1.25.8-py2.py3-none-any.whl
Collecting python-dateutil<3.0.0,>=2.1 (from botocore==1.14.16->awscli)
  Using cached https://files.pythonhosted.org/packages/d4/70/d60450c3dd48ef87586924207ae8907090de0b306af2bce5d134d78615cb/python_dateutil-2.8.1-py2.py3-none-any.whl
Collecting jmespath<1.0.0,>=0.7.1 (from botocore==1.14.16->awscli)
  Using cached https://files.pythonhosted.org/packages/83/94/7179c3832a6d45b266ddb2aac329e101367fbdb11f425f13771d27f225bb/jmespath-0.9.4-py2.py3-none-any.whl
Collecting pyasn1>=0.1.3 (from rsa<=3.5.0,>=3.1.2->awscli)
  Downloading https://files.pythonhosted.org/packages/62/1e/a94a8d635fa3ce4cfc7f506003548d0a2447ae76fd5ca53932970fe3053f/pyasn1-0.4.8-py2.py3-none-any.whl (77kB)
Requirement already satisfied, skipping upgrade: six>=1.5 in /Users/jackkeck/Library/Python/3.8/lib/python/site-packages (from python-dateutil<3.0.0,>=2.1->botocore==1.14.16->awscli) (1.14.0)
Installing collected packages: urllib3, docutils, python-dateutil, jmespath, botocore, colorama, s3transfer, pyasn1, rsa, PyYAML, awscli
  WARNING: The scripts pyrsa-decrypt, pyrsa-decrypt-bigfile, pyrsa-encrypt, pyrsa-encrypt-bigfile, pyrsa-keygen, pyrsa-priv2pub, pyrsa-sign and pyrsa-verify are installed in '/Users/jackkeck/Library/Python/3.8/bin' which is not on PATH.
  Consider adding this directory to PATH or, if you prefer to suppress this warning, use --no-warn-script-location.
  Running setup.py install for PyYAML: started
    Running setup.py install for PyYAML: finished with status 'done'
Successfully installed PyYAML-5.2 awscli-1.17.16 botocore-1.14.16 colorama-0.4.3 docutils-0.15.2 jmespath-0.9.4 pyasn1-0.4.8 python-dateutil-2.8.1 rsa-3.4.2 s3transfer-0.3.3 urllib3-1.25.8
WARNING: You are using pip version 19.2.3, however version 20.0.2 is available.
You should consider upgrading via the 'pip install --upgrade pip' command.
/Users/jackkeck/.rvm/gems/ruby-2.6.0/bin:/Users/jackkeck/.rvm/gems/ruby-2.6.0@global/bin:/Users/jackkeck/.rvm/rubies/ruby-2.6.0/bin:/Users/jackkeck/.zinit/polaris/bin:/usr/local/opt/openssl/bin:/usr/local/Cellar/docker-credential-helper-ecr/0.4.0/bin/docker-credential-ecr-login:/usr/local/Cellar/openvpn/2.4.8/sbin:/usr/local/Cellar/openvpn/2.4.8/sbin/openvpn:/usr/local/go/bin:~/Library/Python/3.7/bin:~/.local/bin:/var/root/Library/Python/3.7/bin:/usr/local/opt/python/libexec/bin:/Library/Java/JavaVirtualMachines/openjdk-13.0.2.jdk/Contents/Home:/Users/jackkeck/Library/Python/3.7/bin:/Library/Frameworks/Python.framework/Versions/3.8/bin:/usr/local/bin:/usr/bin:/bin:/usr/sbin:/sbin:/Users/jackkeck/go/bin:/usr/local/opt/go/libexec/bin:/Users/jackkeck/.rvm/bin:/Users/jackkeck/.oh-my-zsh/custom/plugins/ansiweather
sudo: apt-get: command not found
sudo: add-apt-repository: command not found
sudo: apt-get: command not found
sudo: apt-get: command not found
Unable to locate an executable at "/Library/Java/JavaVirtualMachines/openjdk-13.0.2.jdk/Contents/Home/bin/apt" (-1)
Unable to locate an executable at "/Library/Java/JavaVirtualMachines/openjdk-13.0.2.jdk/Contents/Home/bin/apt" (-1)
Requirement already up-to-date: awscli in /Users/jackkeck/Library/Python/3.8/lib/python/site-packages (1.17.16)
Requirement already satisfied, skipping upgrade: colorama<0.4.4,>=0.2.5; python_version != "3.4" in /Users/jackkeck/Library/Python/3.8/lib/python/site-packages (from awscli) (0.4.3)
Requirement already satisfied, skipping upgrade: PyYAML<5.3,>=3.10 in /Users/jackkeck/Library/Python/3.8/lib/python/site-packages (from awscli) (5.2)
Requirement already satisfied, skipping upgrade: docutils<0.16,>=0.10 in /Users/jackkeck/Library/Python/3.8/lib/python/site-packages (from awscli) (0.15.2)
Requirement already satisfied, skipping upgrade: botocore==1.14.16 in /Users/jackkeck/Library/Python/3.8/lib/python/site-packages (from awscli) (1.14.16)
Requirement already satisfied, skipping upgrade: s3transfer<0.4.0,>=0.3.0 in /Users/jackkeck/Library/Python/3.8/lib/python/site-packages (from awscli) (0.3.3)
Requirement already satisfied, skipping upgrade: rsa<=3.5.0,>=3.1.2 in /Users/jackkeck/Library/Python/3.8/lib/python/site-packages (from awscli) (3.4.2)
Requirement already satisfied, skipping upgrade: jmespath<1.0.0,>=0.7.1 in /Users/jackkeck/Library/Python/3.8/lib/python/site-packages (from botocore==1.14.16->awscli) (0.9.4)
Requirement already satisfied, skipping upgrade: urllib3<1.26,>=1.20; python_version != "3.4" in /Users/jackkeck/Library/Python/3.8/lib/python/site-packages (from botocore==1.14.16->awscli) (1.25.8)
Requirement already satisfied, skipping upgrade: python-dateutil<3.0.0,>=2.1 in /Users/jackkeck/Library/Python/3.8/lib/python/site-packages (from botocore==1.14.16->awscli) (2.8.1)
Requirement already satisfied, skipping upgrade: pyasn1>=0.1.3 in /Users/jackkeck/Library/Python/3.8/lib/python/site-packages (from rsa<=3.5.0,>=3.1.2->awscli) (0.4.8)
Requirement already satisfied, skipping upgrade: six>=1.5 in /Users/jackkeck/Library/Python/3.8/lib/python/site-packages (from python-dateutil<3.0.0,>=2.1->botocore==1.14.16->awscli) (1.14.0)
WARNING: You are using pip version 19.2.3, however version 20.0.2 is available.
You should consider upgrading via the 'pip install --upgrade pip' command.
/Users/jackkeck/.rvm/gems/ruby-2.6.0/bin:/Users/jackkeck/.rvm/gems/ruby-2.6.0@global/bin:/Users/jackkeck/.rvm/rubies/ruby-2.6.0/bin:/Users/jackkeck/.zinit/polaris/bin:/usr/local/opt/openssl/bin:/usr/local/Cellar/docker-credential-helper-ecr/0.4.0/bin/docker-credential-ecr-login:/usr/local/Cellar/openvpn/2.4.8/sbin:/usr/local/Cellar/openvpn/2.4.8/sbin/openvpn:/usr/local/go/bin:~/Library/Python/3.7/bin:~/.local/bin:/var/root/Library/Python/3.7/bin:/usr/local/opt/python/libexec/bin:/Library/Java/JavaVirtualMachines/openjdk-13.0.2.jdk/Contents/Home:/Users/jackkeck/Library/Python/3.7/bin:/Library/Frameworks/Python.framework/Versions/3.8/bin:/usr/local/bin:/usr/bin:/bin:/usr/sbin:/sbin:/Users/jackkeck/go/bin:/usr/local/opt/go/libexec/bin:/Users/jackkeck/.rvm/bin:/Users/jackkeck/.oh-my-zsh/custom/plugins/ansiweather
sudo: apt-get: command not found
sudo: add-apt-repository: command not found
sudo: apt-get: command not found
sudo: apt-get: command not found
